Running basic/cd.in ...
Okay, it seems to have run correctly.
Running basic/cl_ql.in ...
Okay, it seems to have run correctly.
Running basic/cl_sw.in ...
Okay, it seems to have run correctly.
Running basic/noncommutative_group.in ...
Okay, it seems to have run correctly.
Running basic/ordered_semi.in ...
Okay, it seems to have run correctly.
Running basic/ring.in ...
Okay, it seems to have run correctly.
Running basic/tba.in ...
Okay, it seems to have run correctly.
Running basic/tough-nut.in ...
Okay, it seems to have run correctly.

time_new=1.75, time_old=1.7.
The out9272 times are about 0.971429 times as fast as the out times.
The output files have been left in basic/*.out9272.

Running iterate/BOO032-1.in ...
Okay, it seems to have run correctly.
Running iterate/CAT019-5.in ...
Okay, it seems to have run correctly.
Running iterate/cd.in ...
Okay, it seems to have run correctly.
Running iterate/kauer.in ...
Okay, it seems to have run correctly.
Running iterate/LAT025-1.in ...
Okay, it seems to have run correctly.
Running iterate/LCL136-1.in ...
Okay, it seems to have run correctly.
Running iterate/noncommutative_group.in ...
Okay, it seems to have run correctly.
Running iterate/noncommutive_ring1.in ...
Okay, it seems to have run correctly.
Running iterate/PUZ001-3.in ...
Okay, it seems to have run correctly.
Running iterate/RNG025-8.in ...
Okay, it seems to have run correctly.

time_new=2.94, time_old=2.76.
The out9368 times are about 0.938776 times as fast as the out times.
The output files have been left in iterate/*.out9368.

Running quasigroup/omts9.in ...
Okay, it seems to have run correctly.
Running quasigroup/qg1d.in ...
Okay, it seems to have run correctly.
Running quasigroup/qg2d.in ...
Okay, it seems to have run correctly.
Running quasigroup/qg3.in ...
Okay, it seems to have run correctly.
Running quasigroup/qg4.in ...
Okay, it seems to have run correctly.
Running quasigroup/qg5l.in ...
Okay, it seems to have run correctly.
Running quasigroup/qg6.in ...
Okay, it seems to have run correctly.
Running quasigroup/qg7bl.in ...
Okay, it seems to have run correctly.

time_new=1.25, time_old=1.22.
The out9482 times are about 0.976 times as fast as the out times.
The output files have been left in quasigroup/*.out9482.

Running lattice/lt-ml.in ...
Okay, it seems to have run correctly.
Running lattice/lt-ol.in ...
Okay, it seems to have run correctly.
Running lattice/ml-mol.in ...
Okay, it seems to have run correctly.
Running lattice/mol-ba.in ...
Okay, it seems to have run correctly.
Running lattice/ol-e1.in ...
Okay, it seems to have run correctly.
Running lattice/ol-e4.in ...
Okay, it seems to have run correctly.
Running lattice/ol-oml.in ...
Okay, it seems to have run correctly.
Running lattice/oml-mol.in ...
Okay, it seems to have run correctly.

time_new=56.65, time_old=54.92.
The out9578 times are about 0.969462 times as fast as the out times.
The output files have been left in lattice/*.out9578.

Running propositional/f2.in ...
Okay, it seems to have run correctly.
Running propositional/f3.in ...
Okay, it seems to have run correctly.
Running propositional/f4.in ...
Okay, it seems to have run correctly.
Running propositional/p5.in ...
Okay, it seems to have run correctly.
Running propositional/p6.in ...
Okay, it seems to have run correctly.
Running propositional/p7.in ...
Okay, it seems to have run correctly.
Running propositional/p8.in ...
Okay, it seems to have run correctly.
Running propositional/p9.in ...
Okay, it seems to have run correctly.
Running propositional/q10.in ...
Okay, it seems to have run correctly.

time_new=1.33, time_old=1.32.
The out9678 times are about 0.992481 times as fast as the out times.
The output files have been left in propositional/*.out9678.

