----- ANLDP 2.2, August 2003 -----
The process was started by mccune on gyro.thornwood,
Mon Aug  2 15:45:35 2004
The command was "../../bin/anldp -m1000".

After all unit preprocessing, 90 atoms are still unassigned;
415 clauses remain; 10 of those are non-Horn (selectable);
4884 K allocated; cpu time so far for this domain size: 0.00 sec.

The search is complete.  No models were found.


----- statistics for domain size 0 ----
Input:
    Clauses input                   415
    Literal occurrences input       900
    Greatest atom                    90
Unit preprocess:
    Preprocess unit assignments       0
    Clauses after subsumption       415
    Literal occ. after subsump.     900
    Selectable clauses               10
Decide:
    Splits                       362879
    Unit assignments            4234375
    Failed paths                 362880
Memory:
    Memory malloced                 2 K
    Memory MACE_tp_alloced       4882 K
Time (seconds):
    Generate ground clauses        0.00
    DPLL                           1.16

=======================================
Total times for run (seconds):
    user CPU time                  1.16   (0 hr, 0 min, 1 sec)
    system CPU time                0.00   (0 hr, 0 min, 0 sec)
    wall-clock time                2      (0 hr, 0 min, 2 sec)

The search is complete.  No models were found.

The job finished Mon Aug  2 15:45:37 2004
